<?xml version="1.0" encoding="UTF-8"?>
<testsuite xmlns:xsi="http://www.w3.org/2001/XMLSchema-instance" xsi:noNamespaceSchemaLocation="https://maven.apache.org/surefire/maven-surefire-plugin/xsd/surefire-test-report-3.0.xsd" version="3.0" name="com.techwithvishal.kafka.LearningKafka2ApplicationTests" time="12.365" tests="1" errors="0" skipped="0" failures="0">
  <properties>
[...]
</properties>
  <testcase name="contextLoads" classname="com.techwithvishal.kafka.LearningKafka2ApplicationTests" time="4.133">
    <system-out><![CDATA[18:44:52.072 [main] INFO org.springframework.test.context.support.AnnotationConfigContextLoaderUtils -- Could not detect default configuration classes for test class [com.techwithvishal.kafka.LearningKafka2ApplicationTests]: LearningKafka2ApplicationTests does not declare any static, non-private, non-final, nested classes annotated with @Configuration.
18:44:52.350 [main] INFO org.springframework.boot.test.context.SpringBootTestContextBootstrapper -- Found @SpringBootConfiguration com.techwithvishal.kafka.LearningKafka2Application for test class com.techwithvishal.kafka.LearningKafka2ApplicationTests

  .   ____          _            __ _ _
 /\\ / ___'_ __ _ _(_)_ __  __ _ \ \ \ \
( ( )\___ | '_ | '_| | '_ \/ _` | \ \ \ \
 \\/  ___)| |_)| | | | | || (_| |  ) ) ) )
  '  |____| .__|_| |_|_| |_\__, | / / / /
 =========|_|==============|___/=/_/_/_/

 :: Spring Boot ::                (v3.3.5)

2024-11-02T18:44:54.809+05:30  INFO 17664 --- [learning-kafka-2] [           main] c.t.k.LearningKafka2ApplicationTests     : Starting LearningKafka2ApplicationTests using Java 17.0.4.1 with PID 17664 (started by Vishal Bramhankar in D:\learning\kafka\kafka-repos\learning-kafka-2)
2024-11-02T18:44:54.812+05:30 DEBUG 17664 --- [learning-kafka-2] [           main] c.t.k.LearningKafka2ApplicationTests     : Running with Spring Boot v3.3.5, Spring v6.1.14
2024-11-02T18:44:54.815+05:30  INFO 17664 --- [learning-kafka-2] [           main] c.t.k.LearningKafka2ApplicationTests     : No active profile set, falling back to 1 default profile: "default"
2024-11-02T18:44:59.319+05:30  INFO 17664 --- [learning-kafka-2] [           main] o.a.k.clients.consumer.ConsumerConfig    : ConsumerConfig values: 
	allow.auto.create.topics = true
	auto.commit.interval.ms = 5000
	auto.include.jmx.reporter = true
	auto.offset.reset = earliest
	bootstrap.servers = [localhost:9092]
	check.crcs = true
	client.dns.lookup = use_all_dns_ips
	client.id = consumer-myGroupId1-1
	client.rack = 
	connections.max.idle.ms = 540000
	default.api.timeout.ms = 60000
	enable.auto.commit = false
	enable.metrics.push = true
	exclude.internal.topics = true
	fetch.max.bytes = 52428800
	fetch.max.wait.ms = 500
	fetch.min.bytes = 1
	group.id = myGroupId1
	group.instance.id = null
	group.protocol = classic
	group.remote.assignor = null
	heartbeat.interval.ms = 3000
	interceptor.classes = []
	internal.leave.group.on.close = true
	internal.throw.on.fetch.stable.offset.unsupported = false
	isolation.level = read_uncommitted
	key.deserializer = class org.apache.kafka.common.serialization.StringDeserializer
	max.partition.fetch.bytes = 1048576
	max.poll.interval.ms = 300000
	max.poll.records = 500
	metadata.max.age.ms = 300000
	metric.reporters = []
	metrics.num.samples = 2
	metrics.recording.level = INFO
	metrics.sample.window.ms = 30000
	partition.assignment.strategy = [class org.apache.kafka.clients.consumer.RangeAssignor, class org.apache.kafka.clients.consumer.CooperativeStickyAssignor]
	receive.buffer.bytes = 65536
	reconnect.backoff.max.ms = 1000
	reconnect.backoff.ms = 50
	request.timeout.ms = 30000
	retry.backoff.max.ms = 1000
	retry.backoff.ms = 100
	sasl.client.callback.handler.class = null
	sasl.jaas.config = null
	sasl.kerberos.kinit.cmd = /usr/bin/kinit
	sasl.kerberos.min.time.before.relogin = 60000
	sasl.kerberos.service.name = null
	sasl.kerberos.ticket.renew.jitter = 0.05
	sasl.kerberos.ticket.renew.window.factor = 0.8
	sasl.login.callback.handler.class = null
	sasl.login.class = null
	sasl.login.connect.timeout.ms = null
	sasl.login.read.timeout.ms = null
	sasl.login.refresh.buffer.seconds = 300
	sasl.login.refresh.min.period.seconds = 60
	sasl.login.refresh.window.factor = 0.8
	sasl.login.refresh.window.jitter = 0.05
	sasl.login.retry.backoff.max.ms = 10000
	sasl.login.retry.backoff.ms = 100
	sasl.mechanism = GSSAPI
	sasl.oauthbearer.clock.skew.seconds = 30
	sasl.oauthbearer.expected.audience = null
	sasl.oauthbearer.expected.issuer = null
	sasl.oauthbearer.jwks.endpoint.refresh.ms = 3600000
	sasl.oauthbearer.jwks.endpoint.retry.backoff.max.ms = 10000
	sasl.oauthbearer.jwks.endpoint.retry.backoff.ms = 100
	sasl.oauthbearer.jwks.endpoint.url = null
	sasl.oauthbearer.scope.claim.name = scope
	sasl.oauthbearer.sub.claim.name = sub
	sasl.oauthbearer.token.endpoint.url = null
	security.protocol = PLAINTEXT
	security.providers = null
	send.buffer.bytes = 131072
	session.timeout.ms = 45000
	socket.connection.setup.timeout.max.ms = 30000
	socket.connection.setup.timeout.ms = 10000
	ssl.cipher.suites = null
	ssl.enabled.protocols = [TLSv1.2, TLSv1.3]
	ssl.endpoint.identification.algorithm = https
	ssl.engine.factory.class = null
	ssl.key.password = null
	ssl.keymanager.algorithm = SunX509
	ssl.keystore.certificate.chain = null
	ssl.keystore.key = null
	ssl.keystore.location = null
	ssl.keystore.password = null
	ssl.keystore.type = JKS
	ssl.protocol = TLSv1.3
	ssl.provider = null
	ssl.secure.random.implementation = null
	ssl.trustmanager.algorithm = PKIX
	ssl.truststore.certificates = null
	ssl.truststore.location = null
	ssl.truststore.password = null
	ssl.truststore.type = JKS
	value.deserializer = class org.apache.kafka.common.serialization.StringDeserializer

2024-11-02T18:44:59.525+05:30  INFO 17664 --- [learning-kafka-2] [           main] o.a.k.c.t.i.KafkaMetricsCollector        : initializing Kafka metrics collector
2024-11-02T18:44:59.897+05:30  INFO 17664 --- [learning-kafka-2] [           main] o.a.kafka.common.utils.AppInfoParser     : Kafka version: 3.7.1
2024-11-02T18:44:59.903+05:30  INFO 17664 --- [learning-kafka-2] [           main] o.a.kafka.common.utils.AppInfoParser     : Kafka commitId: e2494e6ffb89f828
2024-11-02T18:44:59.904+05:30  INFO 17664 --- [learning-kafka-2] [           main] o.a.kafka.common.utils.AppInfoParser     : Kafka startTimeMs: 1730553299893
2024-11-02T18:44:59.916+05:30  INFO 17664 --- [learning-kafka-2] [           main] o.a.k.c.c.internals.LegacyKafkaConsumer  : [Consumer clientId=consumer-myGroupId1-1, groupId=myGroupId1] Subscribed to topic(s): myTopic1
2024-11-02T18:44:59.955+05:30  INFO 17664 --- [learning-kafka-2] [           main] c.t.k.LearningKafka2ApplicationTests     : Started LearningKafka2ApplicationTests in 6.298 seconds (process running for 9.867)
2024-11-02T18:45:01.678+05:30  INFO 17664 --- [learning-kafka-2] [ntainer#0-0-C-1] org.apache.kafka.clients.Metadata        : [Consumer clientId=consumer-myGroupId1-1, groupId=myGroupId1] Cluster ID: l-PYP_rvS-6WbSHMd9uyLQ
2024-11-02T18:45:01.681+05:30  INFO 17664 --- [learning-kafka-2] [ntainer#0-0-C-1] o.a.k.c.c.internals.ConsumerCoordinator  : [Consumer clientId=consumer-myGroupId1-1, groupId=myGroupId1] Discovered group coordinator LAPTOP-GPNDUBMI:9092 (id: 2147483647 rack: null)
2024-11-02T18:45:01.691+05:30  INFO 17664 --- [learning-kafka-2] [ntainer#0-0-C-1] o.a.k.c.c.internals.ConsumerCoordinator  : [Consumer clientId=consumer-myGroupId1-1, groupId=myGroupId1] (Re-)joining group
2024-11-02T18:45:01.759+05:30  INFO 17664 --- [learning-kafka-2] [ntainer#0-0-C-1] o.a.k.c.c.internals.ConsumerCoordinator  : [Consumer clientId=consumer-myGroupId1-1, groupId=myGroupId1] Request joining group due to: need to re-join with the given member-id: consumer-myGroupId1-1-475dae74-5d37-4414-a1ee-54600e2643ce
2024-11-02T18:45:01.760+05:30  INFO 17664 --- [learning-kafka-2] [ntainer#0-0-C-1] o.a.k.c.c.internals.ConsumerCoordinator  : [Consumer clientId=consumer-myGroupId1-1, groupId=myGroupId1] (Re-)joining group
2024-11-02T18:45:01.806+05:30  INFO 17664 --- [learning-kafka-2] [ntainer#0-0-C-1] o.a.k.c.c.internals.ConsumerCoordinator  : [Consumer clientId=consumer-myGroupId1-1, groupId=myGroupId1] Successfully joined group with generation Generation{generationId=26, memberId='consumer-myGroupId1-1-475dae74-5d37-4414-a1ee-54600e2643ce', protocol='range'}
2024-11-02T18:45:01.845+05:30  INFO 17664 --- [learning-kafka-2] [ntainer#0-0-C-1] o.a.k.c.c.internals.ConsumerCoordinator  : [Consumer clientId=consumer-myGroupId1-1, groupId=myGroupId1] Finished assignment for group at generation 26: {consumer-myGroupId1-1-475dae74-5d37-4414-a1ee-54600e2643ce=Assignment(partitions=[myTopic1-0])}
2024-11-02T18:45:01.912+05:30  INFO 17664 --- [learning-kafka-2] [ntainer#0-0-C-1] o.a.k.c.c.internals.ConsumerCoordinator  : [Consumer clientId=consumer-myGroupId1-1, groupId=myGroupId1] Successfully synced group in generation Generation{generationId=26, memberId='consumer-myGroupId1-1-475dae74-5d37-4414-a1ee-54600e2643ce', protocol='range'}
2024-11-02T18:45:01.914+05:30  INFO 17664 --- [learning-kafka-2] [ntainer#0-0-C-1] o.a.k.c.c.internals.ConsumerCoordinator  : [Consumer clientId=consumer-myGroupId1-1, groupId=myGroupId1] Notifying assignor about the new Assignment(partitions=[myTopic1-0])
2024-11-02T18:45:01.926+05:30  INFO 17664 --- [learning-kafka-2] [ntainer#0-0-C-1] k.c.c.i.ConsumerRebalanceListenerInvoker : [Consumer clientId=consumer-myGroupId1-1, groupId=myGroupId1] Adding newly assigned partitions: myTopic1-0
2024-11-02T18:45:01.958+05:30  INFO 17664 --- [learning-kafka-2] [ntainer#0-0-C-1] o.a.k.c.c.internals.ConsumerUtils        : Setting offset for partition myTopic1-0 to the committed offset FetchPosition{offset=8, offsetEpoch=Optional.empty, currentLeader=LeaderAndEpoch{leader=Optional[LAPTOP-GPNDUBMI:9092 (id: 0 rack: null)], epoch=0}}
2024-11-02T18:45:01.964+05:30  INFO 17664 --- [learning-kafka-2] [ntainer#0-0-C-1] o.s.k.l.KafkaMessageListenerContainer    : myGroupId1: partitions assigned: [myTopic1-0]
]]></system-out>
    <system-err><![CDATA[Nov 02, 2024 6:44:50 PM org.junit.platform.launcher.core.LauncherConfigurationParameters loadClasspathResource
WARNING: Discovered 2 'junit-platform.properties' configuration files in the classpath; only the first will be used.
Nov 02, 2024 6:44:50 PM org.junit.platform.launcher.core.LauncherConfigurationParameters loadClasspathResource
WARNING: Discovered 2 'junit-platform.properties' configuration files in the classpath; only the first will be used.
Nov 02, 2024 6:44:51 PM org.junit.platform.launcher.core.LauncherConfigurationParameters loadClasspathResource
WARNING: Discovered 2 'junit-platform.properties' configuration files in the classpath; only the first will be used.
]]></system-err>
  </testcase>
</testsuite>